# JRE version: Java(TM) SE Runtime Environment (8.0_101-b13) (build 1.8.0_101-b13)
# Java VM: Java HotSpot(TM) 64-Bit Server VM (25.101-b13 mixed mode bsd-amd64 compressed oops)
Heap:
 PSYoungGen      total 72704K, used 61181K [0x000000076ab00000, 0x000000076ff00000, 0x00000007c0000000)
  eden space 61440K, 99% used [0x000000076ab00000,0x000000076e66b1a0,0x000000076e700000)
  from space 11264K, 2% used [0x000000076e800000,0x000000076e854610,0x000000076f300000)
  to   space 12288K, 0% used [0x000000076f300000,0x000000076f300000,0x000000076ff00000)
 ParOldGen       total 175104K, used 8237K [0x00000006c0000000, 0x00000006cab00000, 0x000000076ab00000)
  object space 175104K, 4% used [0x00000006c0000000,0x00000006c080b588,0x00000006cab00000)
 Metaspace       used 13674K, capacity 13950K, committed 14080K, reserved 1060864K
  class space    used 1677K, capacity 1770K, committed 1792K, reserved 1048576K
GC Heap History (10 events):
Event: 6.366 GC heap before
{Heap before GC invocations=3 (full 0):
 PSYoungGen      total 76288K, used 72193K [0x000000076ab00000, 0x0000000770000000, 0x00000007c0000000)
  eden space 65536K, 97% used [0x000000076ab00000,0x000000076e957080,0x000000076eb00000)
  from space 10752K, 77% used [0x000000076f580000,0x000000076fda95c0,0x0000000770000000)
  to   space 10752K, 0% used [0x000000076eb00000,0x000000076eb00000,0x000000076f580000)
 ParOldGen       total 175104K, used 32K [0x00000006c0000000, 0x00000006cab00000, 0x000000076ab00000)
  object space 175104K, 0% used [0x00000006c0000000,0x00000006c0008000,0x00000006cab00000)
 Metaspace       used 13418K, capacity 13682K, committed 13824K, reserved 1060864K
  class space    used 1676K, capacity 1770K, committed 1792K, reserved 1048576K
Event: 6.371 GC heap after
Heap after GC invocations=3 (full 0):
 PSYoungGen      total 76288K, used 5909K [0x000000076ab00000, 0x0000000770000000, 0x00000007c0000000)
  eden space 65536K, 0% used [0x000000076ab00000,0x000000076ab00000,0x000000076eb00000)
  from space 10752K, 54% used [0x000000076eb00000,0x000000076f0c55b0,0x000000076f580000)
  to   space 10752K, 0% used [0x000000076f580000,0x000000076f580000,0x0000000770000000)
 ParOldGen       total 175104K, used 40K [0x00000006c0000000, 0x00000006cab00000, 0x000000076ab00000)
  object space 175104K, 0% used [0x00000006c0000000,0x00000006c000a000,0x00000006cab00000)
 Metaspace       used 13418K, capacity 13682K, committed 13824K, reserved 1060864K
  class space    used 1676K, capacity 1770K, committed 1792K, reserved 1048576K
}
Event: 7.054 GC heap before
{Heap before GC invocations=4 (full 0):
 PSYoungGen      total 76288K, used 71445K [0x000000076ab00000, 0x0000000770000000, 0x00000007c0000000)
  eden space 65536K, 100% used [0x000000076ab00000,0x000000076eb00000,0x000000076eb00000)
  from space 10752K, 54% used [0x000000076eb00000,0x000000076f0c55b0,0x000000076f580000)
  to   space 10752K, 0% used [0x000000076f580000,0x000000076f580000,0x0000000770000000)
 ParOldGen       total 175104K, used 40K [0x00000006c0000000, 0x00000006cab00000, 0x000000076ab00000)
  object space 175104K, 0% used [0x00000006c0000000,0x00000006c000a000,0x00000006cab00000)
 Metaspace       used 13464K, capacity 13758K, committed 13824K, reserved 1060864K
  class space    used 1676K, capacity 1770K, committed 1792K, reserved 1048576K
Event: 7.057 GC heap after
Heap after GC invocations=4 (full 0):
 PSYoungGen      total 76288K, used 8405K [0x000000076ab00000, 0x0000000770000000, 0x00000007c0000000)
  eden space 65536K, 0% used [0x000000076ab00000,0x000000076ab00000,0x000000076eb00000)
  from space 10752K, 78% used [0x000000076f580000,0x000000076fdb55d0,0x0000000770000000)
  to   space 10752K, 0% used [0x000000076eb00000,0x000000076eb00000,0x000000076f580000)
 ParOldGen       total 175104K, used 48K [0x00000006c0000000, 0x00000006cab00000, 0x000000076ab00000)
  object space 175104K, 0% used [0x00000006c0000000,0x00000006c000c000,0x00000006cab00000)
 Metaspace       used 13464K, capacity 13758K, committed 13824K, reserved 1060864K
  class space    used 1676K, capacity 1770K, committed 1792K, reserved 1048576K
}
Event: 7.724 GC heap before
{Heap before GC invocations=5 (full 0):
 PSYoungGen      total 76288K, used 73941K [0x000000076ab00000, 0x0000000770000000, 0x00000007c0000000)
  eden space 65536K, 100% used [0x000000076ab00000,0x000000076eb00000,0x000000076eb00000)
  from space 10752K, 78% used [0x000000076f580000,0x000000076fdb55d0,0x0000000770000000)
  to   space 10752K, 0% used [0x000000076eb00000,0x000000076eb00000,0x000000076f580000)
 ParOldGen       total 175104K, used 48K [0x00000006c0000000, 0x00000006cab00000, 0x000000076ab00000)
  object space 175104K, 0% used [0x00000006c0000000,0x00000006c000c000,0x00000006cab00000)
 Metaspace       used 13518K, capacity 13822K, committed 14080K, reserved 1060864K
  class space    used 1676K, capacity 1770K, committed 1792K, reserved 1048576K
Event: 7.728 GC heap after
Heap after GC invocations=5 (full 0):
 PSYoungGen      total 69120K, used 4773K [0x000000076ab00000, 0x000000076ff80000, 0x00000007c0000000)
  eden space 64000K, 0% used [0x000000076ab00000,0x000000076ab00000,0x000000076e980000)
  from space 5120K, 93% used [0x000000076eb00000,0x000000076efa95a0,0x000000076f000000)
  to   space 11264K, 0% used [0x000000076f480000,0x000000076f480000,0x000000076ff80000)
 ParOldGen       total 175104K, used 56K [0x00000006c0000000, 0x00000006cab00000, 0x000000076ab00000)
  object space 175104K, 0% used [0x00000006c0000000,0x00000006c000e000,0x00000006cab00000)
 Metaspace       used 13518K, capacity 13822K, committed 14080K, reserved 1060864K
  class space    used 1676K, capacity 1770K, committed 1792K, reserved 1048576K
}
Event: 8.366 GC heap before
{Heap before GC invocations=6 (full 0):
 PSYoungGen      total 69120K, used 66983K [0x000000076ab00000, 0x000000076ff80000, 0x00000007c0000000)
  eden space 64000K, 97% used [0x000000076ab00000,0x000000076e7c0990,0x000000076e980000)
  from space 5120K, 93% used [0x000000076eb00000,0x000000076efa95a0,0x000000076f000000)
  to   space 11264K, 0% used [0x000000076f480000,0x000000076f480000,0x000000076ff80000)
 ParOldGen       total 175104K, used 56K [0x00000006c0000000, 0x00000006cab00000, 0x000000076ab00000)
  object space 175104K, 0% used [0x00000006c0000000,0x00000006c000e000,0x00000006cab00000)
 Metaspace       used 13575K, capacity 13886K, committed 14080K, reserved 1060864K
  class space    used 1676K, capacity 1770K, committed 1792K, reserved 1048576K
Event: 8.370 GC heap after
Heap after GC invocations=6 (full 0):
 PSYoungGen      total 72192K, used 4757K [0x000000076ab00000, 0x000000076fe00000, 0x00000007c0000000)
  eden space 62464K, 0% used [0x000000076ab00000,0x000000076ab00000,0x000000076e800000)
  from space 9728K, 48% used [0x000000076f480000,0x000000076f925590,0x000000076fe00000)
  to   space 11264K, 0% used [0x000000076e800000,0x000000076e800000,0x000000076f300000)
 ParOldGen       total 175104K, used 64K [0x00000006c0000000, 0x00000006cab00000, 0x000000076ab00000)
  object space 175104K, 0% used [0x00000006c0000000,0x00000006c0010000,0x00000006cab00000)
 Metaspace       used 13575K, capacity 13886K, committed 14080K, reserved 1060864K
  class space    used 1676K, capacity 1770K, committed 1792K, reserved 1048576K
}
Event: 9.426 GC heap before
{Heap before GC invocations=7 (full 0):
 PSYoungGen      total 72192K, used 66802K [0x000000076ab00000, 0x000000076fe00000, 0x00000007c0000000)
  eden space 62464K, 99% used [0x000000076ab00000,0x000000076e7975c8,0x000000076e800000)
  from space 9728K, 48% used [0x000000076f480000,0x000000076f925590,0x000000076fe00000)
  to   space 11264K, 0% used [0x000000076e800000,0x000000076e800000,0x000000076f300000)
 ParOldGen       total 175104K, used 64K [0x00000006c0000000, 0x00000006cab00000, 0x000000076ab00000)
  object space 175104K, 0% used [0x00000006c0000000,0x00000006c0010000,0x00000006cab00000)
 Metaspace       used 13616K, capacity 13886K, committed 14080K, reserved 1060864K
  class space    used 1676K, capacity 1770K, committed 1792K, reserved 1048576K
Event: 9.433 GC heap after
Heap after GC invocations=7 (full 0):
 PSYoungGen      total 72704K, used 337K [0x000000076ab00000, 0x000000076ff00000, 0x00000007c0000000)
  eden space 61440K, 0% used [0x000000076ab00000,0x000000076ab00000,0x000000076e700000)
  from space 11264K, 2% used [0x000000076e800000,0x000000076e854610,0x000000076f300000)
  to   space 12288K, 0% used [0x000000076f300000,0x000000076f300000,0x000000076ff00000)
 ParOldGen       total 175104K, used 8237K [0x00000006c0000000, 0x00000006cab00000, 0x000000076ab00000)
  object space 175104K, 4% used [0x00000006c0000000,0x00000006c080b588,0x00000006cab00000)
 Metaspace       used 13616K, capacity 13886K, committed 14080K, reserved 1060864K
  class space    used 1676K, capacity 1770K, committed 1792K, reserved 1048576K
}

