# JRE version: Java(TM) SE Runtime Environment (8.0_101-b13) (build 1.8.0_101-b13)
# Java VM: Java HotSpot(TM) 64-Bit Server VM (25.101-b13 mixed mode bsd-amd64 compressed oops)
Heap:
 PSYoungGen      total 61440K, used 46475K [0x000000076ab00000, 0x000000076f300000, 0x00000007c0000000)
  eden space 52224K, 88% used [0x000000076ab00000,0x000000076d822c68,0x000000076de00000)
  from space 9216K, 2% used [0x000000076ea00000,0x000000076ea40000,0x000000076f300000)
  to   space 10752K, 0% used [0x000000076de00000,0x000000076de00000,0x000000076e880000)
 ParOldGen       total 175104K, used 8714K [0x00000006c0000000, 0x00000006cab00000, 0x000000076ab00000)
  object space 175104K, 4% used [0x00000006c0000000,0x00000006c0882b20,0x00000006cab00000)
 Metaspace       used 13797K, capacity 14094K, committed 14336K, reserved 1062912K
  class space    used 1676K, capacity 1770K, committed 1792K, reserved 1048576K
GC Heap History (10 events):
Event: 12.401 GC heap before
{Heap before GC invocations=12 (full 0):
 PSYoungGen      total 57856K, used 56843K [0x000000076ab00000, 0x000000076fc00000, 0x00000007c0000000)
  eden space 57344K, 98% used [0x000000076ab00000,0x000000076e24ace8,0x000000076e300000)
  from space 512K, 43% used [0x000000076e400000,0x000000076e438000,0x000000076e480000)
  to   space 12800K, 0% used [0x000000076ef80000,0x000000076ef80000,0x000000076fc00000)
 ParOldGen       total 175104K, used 8562K [0x00000006c0000000, 0x00000006cab00000, 0x000000076ab00000)
  object space 175104K, 4% used [0x00000006c0000000,0x00000006c085cb20,0x00000006cab00000)
 Metaspace       used 13667K, capacity 13966K, committed 14080K, reserved 1060864K
  class space    used 1676K, capacity 1770K, committed 1792K, reserved 1048576K
Event: 12.402 GC heap after
Heap after GC invocations=12 (full 0):
 PSYoungGen      total 67072K, used 256K [0x000000076ab00000, 0x000000076fa00000, 0x00000007c0000000)
  eden space 56320K, 0% used [0x000000076ab00000,0x000000076ab00000,0x000000076e200000)
  from space 10752K, 2% used [0x000000076ef80000,0x000000076efc0000,0x000000076fa00000)
  to   space 12288K, 0% used [0x000000076e200000,0x000000076e200000,0x000000076ee00000)
 ParOldGen       total 175104K, used 8578K [0x00000006c0000000, 0x00000006cab00000, 0x000000076ab00000)
  object space 175104K, 4% used [0x00000006c0000000,0x00000006c0860b20,0x00000006cab00000)
 Metaspace       used 13667K, capacity 13966K, committed 14080K, reserved 1060864K
  class space    used 1676K, capacity 1770K, committed 1792K, reserved 1048576K
}
Event: 12.968 GC heap before
{Heap before GC invocations=13 (full 0):
 PSYoungGen      total 67072K, used 56576K [0x000000076ab00000, 0x000000076fa00000, 0x00000007c0000000)
  eden space 56320K, 100% used [0x000000076ab00000,0x000000076e200000,0x000000076e200000)
  from space 10752K, 2% used [0x000000076ef80000,0x000000076efc0000,0x000000076fa00000)
  to   space 12288K, 0% used [0x000000076e200000,0x000000076e200000,0x000000076ee00000)
 ParOldGen       total 175104K, used 8578K [0x00000006c0000000, 0x00000006cab00000, 0x000000076ab00000)
  object space 175104K, 4% used [0x00000006c0000000,0x00000006c0860b20,0x00000006cab00000)
 Metaspace       used 13689K, capacity 13966K, committed 14080K, reserved 1060864K
  class space    used 1676K, capacity 1770K, committed 1792K, reserved 1048576K
Event: 12.969 GC heap after
Heap after GC invocations=13 (full 0):
 PSYoungGen      total 55808K, used 224K [0x000000076ab00000, 0x000000076f900000, 0x00000007c0000000)
  eden space 55296K, 0% used [0x000000076ab00000,0x000000076ab00000,0x000000076e100000)
  from space 512K, 43% used [0x000000076e200000,0x000000076e238000,0x000000076e280000)
  to   space 12288K, 0% used [0x000000076ed00000,0x000000076ed00000,0x000000076f900000)
 ParOldGen       total 175104K, used 8610K [0x00000006c0000000, 0x00000006cab00000, 0x000000076ab00000)
  object space 175104K, 4% used [0x00000006c0000000,0x00000006c0868b20,0x00000006cab00000)
 Metaspace       used 13689K, capacity 13966K, committed 14080K, reserved 1060864K
  class space    used 1676K, capacity 1770K, committed 1792K, reserved 1048576K
}
Event: 13.967 GC heap before
{Heap before GC invocations=14 (full 0):
 PSYoungGen      total 55808K, used 53433K [0x000000076ab00000, 0x000000076f900000, 0x00000007c0000000)
  eden space 55296K, 96% used [0x000000076ab00000,0x000000076def66a8,0x000000076e100000)
  from space 512K, 43% used [0x000000076e200000,0x000000076e238000,0x000000076e280000)
  to   space 12288K, 0% used [0x000000076ed00000,0x000000076ed00000,0x000000076f900000)
 ParOldGen       total 175104K, used 8610K [0x00000006c0000000, 0x00000006cab00000, 0x000000076ab00000)
  object space 175104K, 4% used [0x00000006c0000000,0x00000006c0868b20,0x00000006cab00000)
 Metaspace       used 13748K, capacity 14030K, committed 14080K, reserved 1060864K
  class space    used 1676K, capacity 1770K, committed 1792K, reserved 1048576K
Event: 13.969 GC heap after
Heap after GC invocations=14 (full 0):
 PSYoungGen      total 64512K, used 256K [0x000000076ab00000, 0x000000076f700000, 0x00000007c0000000)
  eden space 54272K, 0% used [0x000000076ab00000,0x000000076ab00000,0x000000076e000000)
  from space 10240K, 2% used [0x000000076ed00000,0x000000076ed40000,0x000000076f700000)
  to   space 11776K, 0% used [0x000000076e000000,0x000000076e000000,0x000000076eb80000)
 ParOldGen       total 175104K, used 8642K [0x00000006c0000000, 0x00000006cab00000, 0x000000076ab00000)
  object space 175104K, 4% used [0x00000006c0000000,0x00000006c0870b20,0x00000006cab00000)
 Metaspace       used 13748K, capacity 14030K, committed 14080K, reserved 1060864K
  class space    used 1676K, capacity 1770K, committed 1792K, reserved 1048576K
}
Event: 14.501 GC heap before
{Heap before GC invocations=15 (full 0):
 PSYoungGen      total 64512K, used 52831K [0x000000076ab00000, 0x000000076f700000, 0x00000007c0000000)
  eden space 54272K, 96% used [0x000000076ab00000,0x000000076de57dd8,0x000000076e000000)
  from space 10240K, 2% used [0x000000076ed00000,0x000000076ed40000,0x000000076f700000)
  to   space 11776K, 0% used [0x000000076e000000,0x000000076e000000,0x000000076eb80000)
 ParOldGen       total 175104K, used 8642K [0x00000006c0000000, 0x00000006cab00000, 0x000000076ab00000)
  object space 175104K, 4% used [0x00000006c0000000,0x00000006c0870b20,0x00000006cab00000)
 Metaspace       used 13764K, capacity 14030K, committed 14080K, reserved 1060864K
  class space    used 1676K, capacity 1770K, committed 1792K, reserved 1048576K
Event: 14.502 GC heap after
Heap after GC invocations=15 (full 0):
 PSYoungGen      total 53760K, used 224K [0x000000076ab00000, 0x000000076f500000, 0x00000007c0000000)
  eden space 53248K, 0% used [0x000000076ab00000,0x000000076ab00000,0x000000076df00000)
  from space 512K, 43% used [0x000000076e000000,0x000000076e038000,0x000000076e080000)
  to   space 11264K, 0% used [0x000000076ea00000,0x000000076ea00000,0x000000076f500000)
 ParOldGen       total 175104K, used 8690K [0x00000006c0000000, 0x00000006cab00000, 0x000000076ab00000)
  object space 175104K, 4% used [0x00000006c0000000,0x00000006c087cb20,0x00000006cab00000)
 Metaspace       used 13764K, capacity 14030K, committed 14080K, reserved 1060864K
  class space    used 1676K, capacity 1770K, committed 1792K, reserved 1048576K
}
Event: 15.035 GC heap before
{Heap before GC invocations=16 (full 0):
 PSYoungGen      total 53760K, used 52601K [0x000000076ab00000, 0x000000076f500000, 0x00000007c0000000)
  eden space 53248K, 98% used [0x000000076ab00000,0x000000076de266f0,0x000000076df00000)
  from space 512K, 43% used [0x000000076e000000,0x000000076e038000,0x000000076e080000)
  to   space 11264K, 0% used [0x000000076ea00000,0x000000076ea00000,0x000000076f500000)
 ParOldGen       total 175104K, used 8690K [0x00000006c0000000, 0x00000006cab00000, 0x000000076ab00000)
  object space 175104K, 4% used [0x00000006c0000000,0x00000006c087cb20,0x00000006cab00000)
 Metaspace       used 13784K, capacity 14094K, committed 14336K, reserved 1062912K
  class space    used 1676K, capacity 1770K, committed 1792K, reserved 1048576K
Event: 15.037 GC heap after
Heap after GC invocations=16 (full 0):
 PSYoungGen      total 61440K, used 256K [0x000000076ab00000, 0x000000076f300000, 0x00000007c0000000)
  eden space 52224K, 0% used [0x000000076ab00000,0x000000076ab00000,0x000000076de00000)
  from space 9216K, 2% used [0x000000076ea00000,0x000000076ea40000,0x000000076f300000)
  to   space 10752K, 0% used [0x000000076de00000,0x000000076de00000,0x000000076e880000)
 ParOldGen       total 175104K, used 8714K [0x00000006c0000000, 0x00000006cab00000, 0x000000076ab00000)
  object space 175104K, 4% used [0x00000006c0000000,0x00000006c0882b20,0x00000006cab00000)
 Metaspace       used 13784K, capacity 14094K, committed 14336K, reserved 1062912K
  class space    used 1676K, capacity 1770K, committed 1792K, reserved 1048576K
}

