# JRE version: Java(TM) SE Runtime Environment (8.0_101-b13) (build 1.8.0_101-b13)
# Java VM: Java HotSpot(TM) 64-Bit Server VM (25.101-b13 mixed mode bsd-amd64 compressed oops)
Heap:
 PSYoungGen      total 70656K, used 63820K [0x000000076ab00000, 0x000000076fc00000, 0x00000007c0000000)
  eden space 62464K, 92% used [0x000000076ab00000,0x000000076e385d18,0x000000076e800000)
  from space 8192K, 72% used [0x000000076f400000,0x000000076f9cd5b0,0x000000076fc00000)
  to   space 10240K, 0% used [0x000000076e800000,0x000000076e800000,0x000000076f200000)
 ParOldGen       total 175104K, used 64K [0x00000006c0000000, 0x00000006cab00000, 0x000000076ab00000)
  object space 175104K, 0% used [0x00000006c0000000,0x00000006c0010000,0x00000006cab00000)
 Metaspace       used 13634K, capacity 13902K, committed 14080K, reserved 1060864K
  class space    used 1679K, capacity 1770K, committed 1792K, reserved 1048576K
GC Heap History (10 events):
Event: 4.760 GC heap before
{Heap before GC invocations=2 (full 0):
 PSYoungGen      total 76288K, used 74445K [0x000000076ab00000, 0x0000000770000000, 0x00000007c0000000)
  eden space 65536K, 98% used [0x000000076ab00000,0x000000076ea26e18,0x000000076eb00000)
  from space 10752K, 90% used [0x000000076eb00000,0x000000076f48c7c8,0x000000076f580000)
  to   space 10752K, 0% used [0x000000076f580000,0x000000076f580000,0x0000000770000000)
 ParOldGen       total 175104K, used 24K [0x00000006c0000000, 0x00000006cab00000, 0x000000076ab00000)
  object space 175104K, 0% used [0x00000006c0000000,0x00000006c0006000,0x00000006cab00000)
 Metaspace       used 13392K, capacity 13698K, committed 13824K, reserved 1060864K
  class space    used 1679K, capacity 1770K, committed 1792K, reserved 1048576K
Event: 4.766 GC heap after
Heap after GC invocations=2 (full 0):
 PSYoungGen      total 76288K, used 8357K [0x000000076ab00000, 0x0000000770000000, 0x00000007c0000000)
  eden space 65536K, 0% used [0x000000076ab00000,0x000000076ab00000,0x000000076eb00000)
  from space 10752K, 77% used [0x000000076f580000,0x000000076fda95c0,0x0000000770000000)
  to   space 10752K, 0% used [0x000000076eb00000,0x000000076eb00000,0x000000076f580000)
 ParOldGen       total 175104K, used 32K [0x00000006c0000000, 0x00000006cab00000, 0x000000076ab00000)
  object space 175104K, 0% used [0x00000006c0000000,0x00000006c0008000,0x00000006cab00000)
 Metaspace       used 13392K, capacity 13698K, committed 13824K, reserved 1060864K
  class space    used 1679K, capacity 1770K, committed 1792K, reserved 1048576K
}
Event: 5.427 GC heap before
{Heap before GC invocations=3 (full 0):
 PSYoungGen      total 76288K, used 72193K [0x000000076ab00000, 0x0000000770000000, 0x00000007c0000000)
  eden space 65536K, 97% used [0x000000076ab00000,0x000000076e956e90,0x000000076eb00000)
  from space 10752K, 77% used [0x000000076f580000,0x000000076fda95c0,0x0000000770000000)
  to   space 10752K, 0% used [0x000000076eb00000,0x000000076eb00000,0x000000076f580000)
 ParOldGen       total 175104K, used 32K [0x00000006c0000000, 0x00000006cab00000, 0x000000076ab00000)
  object space 175104K, 0% used [0x00000006c0000000,0x00000006c0008000,0x00000006cab00000)
 Metaspace       used 13434K, capacity 13698K, committed 13824K, reserved 1060864K
  class space    used 1679K, capacity 1770K, committed 1792K, reserved 1048576K
Event: 5.431 GC heap after
Heap after GC invocations=3 (full 0):
 PSYoungGen      total 76288K, used 4741K [0x000000076ab00000, 0x0000000770000000, 0x00000007c0000000)
  eden space 65536K, 0% used [0x000000076ab00000,0x000000076ab00000,0x000000076eb00000)
  from space 10752K, 44% used [0x000000076eb00000,0x000000076efa1580,0x000000076f580000)
  to   space 10752K, 0% used [0x000000076f580000,0x000000076f580000,0x0000000770000000)
 ParOldGen       total 175104K, used 40K [0x00000006c0000000, 0x00000006cab00000, 0x000000076ab00000)
  object space 175104K, 0% used [0x00000006c0000000,0x00000006c000a000,0x00000006cab00000)
 Metaspace       used 13434K, capacity 13698K, committed 13824K, reserved 1060864K
  class space    used 1679K, capacity 1770K, committed 1792K, reserved 1048576K
}
Event: 6.114 GC heap before
{Heap before GC invocations=4 (full 0):
 PSYoungGen      total 76288K, used 70277K [0x000000076ab00000, 0x0000000770000000, 0x00000007c0000000)
  eden space 65536K, 100% used [0x000000076ab00000,0x000000076eb00000,0x000000076eb00000)
  from space 10752K, 44% used [0x000000076eb00000,0x000000076efa1580,0x000000076f580000)
  to   space 10752K, 0% used [0x000000076f580000,0x000000076f580000,0x0000000770000000)
 ParOldGen       total 175104K, used 40K [0x00000006c0000000, 0x00000006cab00000, 0x000000076ab00000)
  object space 175104K, 0% used [0x00000006c0000000,0x00000006c000a000,0x00000006cab00000)
 Metaspace       used 13490K, capacity 13774K, committed 13824K, reserved 1060864K
  class space    used 1679K, capacity 1770K, committed 1792K, reserved 1048576K
Event: 6.117 GC heap after
Heap after GC invocations=4 (full 0):
 PSYoungGen      total 76288K, used 5893K [0x000000076ab00000, 0x0000000770000000, 0x00000007c0000000)
  eden space 65536K, 0% used [0x000000076ab00000,0x000000076ab00000,0x000000076eb00000)
  from space 10752K, 54% used [0x000000076f580000,0x000000076fb415a0,0x0000000770000000)
  to   space 10752K, 0% used [0x000000076eb00000,0x000000076eb00000,0x000000076f580000)
 ParOldGen       total 175104K, used 48K [0x00000006c0000000, 0x00000006cab00000, 0x000000076ab00000)
  object space 175104K, 0% used [0x00000006c0000000,0x00000006c000c000,0x00000006cab00000)
 Metaspace       used 13490K, capacity 13774K, committed 13824K, reserved 1060864K
  class space    used 1679K, capacity 1770K, committed 1792K, reserved 1048576K
}
Event: 6.793 GC heap before
{Heap before GC invocations=5 (full 0):
 PSYoungGen      total 76288K, used 71429K [0x000000076ab00000, 0x0000000770000000, 0x00000007c0000000)
  eden space 65536K, 100% used [0x000000076ab00000,0x000000076eb00000,0x000000076eb00000)
  from space 10752K, 54% used [0x000000076f580000,0x000000076fb415a0,0x0000000770000000)
  to   space 10752K, 0% used [0x000000076eb00000,0x000000076eb00000,0x000000076f580000)
 ParOldGen       total 175104K, used 48K [0x00000006c0000000, 0x00000006cab00000, 0x000000076ab00000)
  object space 175104K, 0% used [0x00000006c0000000,0x00000006c000c000,0x00000006cab00000)
 Metaspace       used 13554K, capacity 13838K, committed 14080K, reserved 1060864K
  class space    used 1679K, capacity 1770K, committed 1792K, reserved 1048576K
Event: 6.797 GC heap after
Heap after GC invocations=5 (full 0):
 PSYoungGen      total 70144K, used 5957K [0x000000076ab00000, 0x000000076fe80000, 0x00000007c0000000)
  eden space 64000K, 0% used [0x000000076ab00000,0x000000076ab00000,0x000000076e980000)
  from space 6144K, 96% used [0x000000076eb00000,0x000000076f0d15a0,0x000000076f100000)
  to   space 10752K, 0% used [0x000000076f400000,0x000000076f400000,0x000000076fe80000)
 ParOldGen       total 175104K, used 56K [0x00000006c0000000, 0x00000006cab00000, 0x000000076ab00000)
  object space 175104K, 0% used [0x00000006c0000000,0x00000006c000e000,0x00000006cab00000)
 Metaspace       used 13554K, capacity 13838K, committed 14080K, reserved 1060864K
  class space    used 1679K, capacity 1770K, committed 1792K, reserved 1048576K
}
Event: 7.427 GC heap before
{Heap before GC invocations=6 (full 0):
 PSYoungGen      total 70144K, used 68179K [0x000000076ab00000, 0x000000076fe80000, 0x00000007c0000000)
  eden space 64000K, 97% used [0x000000076ab00000,0x000000076e7c37b8,0x000000076e980000)
  from space 6144K, 96% used [0x000000076eb00000,0x000000076f0d15a0,0x000000076f100000)
  to   space 10752K, 0% used [0x000000076f400000,0x000000076f400000,0x000000076fe80000)
 ParOldGen       total 175104K, used 56K [0x00000006c0000000, 0x00000006cab00000, 0x000000076ab00000)
  object space 175104K, 0% used [0x00000006c0000000,0x00000006c000e000,0x00000006cab00000)
 Metaspace       used 13600K, capacity 13902K, committed 14080K, reserved 1060864K
  class space    used 1679K, capacity 1770K, committed 1792K, reserved 1048576K
Event: 7.431 GC heap after
Heap after GC invocations=6 (full 0):
 PSYoungGen      total 70656K, used 5941K [0x000000076ab00000, 0x000000076fc00000, 0x00000007c0000000)
  eden space 62464K, 0% used [0x000000076ab00000,0x000000076ab00000,0x000000076e800000)
  from space 8192K, 72% used [0x000000076f400000,0x000000076f9cd5b0,0x000000076fc00000)
  to   space 10240K, 0% used [0x000000076e800000,0x000000076e800000,0x000000076f200000)
 ParOldGen       total 175104K, used 64K [0x00000006c0000000, 0x00000006cab00000, 0x000000076ab00000)
  object space 175104K, 0% used [0x00000006c0000000,0x00000006c0010000,0x00000006cab00000)
 Metaspace       used 13600K, capacity 13902K, committed 14080K, reserved 1060864K
  class space    used 1679K, capacity 1770K, committed 1792K, reserved 1048576K
}

